<?xml version="1.0" encoding="UTF-8"?>
<!-- Generated by org.testng.reporters.JUnitXMLReporter -->
<testsuite hostname="DESKTOP-V9K624K" failures="4" tests="5" name="Friends Screen Test" time="155.454" errors="0" timestamp="29 Jul 2020 14:18:09 GMT">
  <testcase classname="keanu.Tests.FriendsScreenTest" name="chatWithSpecificFriend" time="11.061">
    <failure type="org.openqa.selenium.NoSuchElementException" message="An element could not be located on the page using the given search parameters. (WARNING: The server did not provide any stacktrace information)
Command duration or timeout: 0 milliseconds
For documentation on this error, please visit: https://www.seleniumhq.org/exceptions/no_such_element.html
Build info: version: &amp;apos;3.141.59&amp;apos;, revision: &amp;apos;e82be7d358&amp;apos;, time: &amp;apos;2018-11-14T08:17:03&amp;apos;
System info: host: &amp;apos;DESKTOP-V9K624K&amp;apos;, ip: &amp;apos;192.168.43.117&amp;apos;, os.name: &amp;apos;Windows 10&amp;apos;, os.arch: &amp;apos;amd64&amp;apos;, os.version: &amp;apos;10.0&amp;apos;, java.version: &amp;apos;14&amp;apos;
Driver info: io.appium.java_client.AppiumDriver
Capabilities {64bit: false, acceptSslCert: false, acceptSslCerts: false, appActivity: info.guardianproject.keanua..., appPackage: info.guardianproject.keanuapp, appium_port: 38082, automationName: UiAutomator2, browserstack.appiumLogs: true, browserstack.appium_version: 1.6.5, browserstack.debug: true, browserstack.deviceLogs: true, browserstack.idleTimeout: 300, browserstack.ie.noFlash: false, browserstack.local: false, browserstack.minOSVersion: 5.0, browserstack.tunnelIdentifier: , browserstack.video: true, browserstack.video.disableWaterMark: false, bundleID: info.guardianproject.keanuapp, chromeOptions: {w3c: false}, detected_language: selenium/3.141.59 (java win..., device: google pixel 4 xl, deviceName: Android, deviceOrientation: portrait, enablePerformanceLogging: false, javascriptEnabled: true, mobile: {browser: mobile, version: Google Pixel 4 XL-10.0}, nativeWebScreenshot: true, newCommandTimeout: 0, new_bucketing: true, orientation: PORTRAIT, orig_os: android, osVersion: 10.0, os_version: 10.0, platform: ANDROID, platformName: ANDROID, proxy_type: node, realMobile: true, real_mobile: true, systemPort: 8202, udid: 99061FFBA00BY8, uiautomator2ServerLaunchTimeout: 60000, version: }
Session ID: aeeaa38718cf16fd98f014b344e43aa88720b4e9
*** Element info: {Using=xpath, value=//androidx.appcompat.app.ActionBar.Tab[@content-desc=&amp;apos;Contacts&amp;apos;]}">
      <![CDATA[org.openqa.selenium.NoSuchElementException: An element could not be located on the page using the given search parameters. (WARNING: The server did not provide any stacktrace information)
Command duration or timeout: 0 milliseconds
For documentation on this error, please visit: https://www.seleniumhq.org/exceptions/no_such_element.html
Build info: version: '3.141.59', revision: 'e82be7d358', time: '2018-11-14T08:17:03'
System info: host: 'DESKTOP-V9K624K', ip: '192.168.43.117', os.name: 'Windows 10', os.arch: 'amd64', os.version: '10.0', java.version: '14'
Driver info: io.appium.java_client.AppiumDriver
Capabilities {64bit: false, acceptSslCert: false, acceptSslCerts: false, appActivity: info.guardianproject.keanua..., appPackage: info.guardianproject.keanuapp, appium_port: 38082, automationName: UiAutomator2, browserstack.appiumLogs: true, browserstack.appium_version: 1.6.5, browserstack.debug: true, browserstack.deviceLogs: true, browserstack.idleTimeout: 300, browserstack.ie.noFlash: false, browserstack.local: false, browserstack.minOSVersion: 5.0, browserstack.tunnelIdentifier: , browserstack.video: true, browserstack.video.disableWaterMark: false, bundleID: info.guardianproject.keanuapp, chromeOptions: {w3c: false}, detected_language: selenium/3.141.59 (java win..., device: google pixel 4 xl, deviceName: Android, deviceOrientation: portrait, enablePerformanceLogging: false, javascriptEnabled: true, mobile: {browser: mobile, version: Google Pixel 4 XL-10.0}, nativeWebScreenshot: true, newCommandTimeout: 0, new_bucketing: true, orientation: PORTRAIT, orig_os: android, osVersion: 10.0, os_version: 10.0, platform: ANDROID, platformName: ANDROID, proxy_type: node, realMobile: true, real_mobile: true, systemPort: 8202, udid: 99061FFBA00BY8, uiautomator2ServerLaunchTimeout: 60000, version: }
Session ID: aeeaa38718cf16fd98f014b344e43aa88720b4e9
*** Element info: {Using=xpath, value=//androidx.appcompat.app.ActionBar.Tab[@content-desc='Contacts']}
	at org.openqa.selenium.remote.ErrorHandler.createThrowable(ErrorHandler.java:214)
	at org.openqa.selenium.remote.ErrorHandler.throwIfResponseFailed(ErrorHandler.java:166)
	at org.openqa.selenium.remote.http.JsonHttpResponseCodec.reconstructValue(JsonHttpResponseCodec.java:40)
	at org.openqa.selenium.remote.http.AbstractHttpResponseCodec.decode(AbstractHttpResponseCodec.java:80)
	at org.openqa.selenium.remote.http.AbstractHttpResponseCodec.decode(AbstractHttpResponseCodec.java:44)
	at org.openqa.selenium.remote.HttpCommandExecutor.execute(HttpCommandExecutor.java:158)
	at io.appium.java_client.remote.AppiumCommandExecutor.execute(AppiumCommandExecutor.java:239)
	at org.openqa.selenium.remote.RemoteWebDriver.execute(RemoteWebDriver.java:552)
	at io.appium.java_client.DefaultGenericMobileDriver.execute(DefaultGenericMobileDriver.java:42)
	at io.appium.java_client.AppiumDriver.execute(AppiumDriver.java:1)
	at org.openqa.selenium.remote.RemoteWebDriver.findElement(RemoteWebDriver.java:323)
	at io.appium.java_client.DefaultGenericMobileDriver.findElement(DefaultGenericMobileDriver.java:62)
	at io.appium.java_client.AppiumDriver.findElement(AppiumDriver.java:1)
	at org.openqa.selenium.remote.RemoteWebDriver.findElementByXPath(RemoteWebDriver.java:428)
	at io.appium.java_client.DefaultGenericMobileDriver.findElementByXPath(DefaultGenericMobileDriver.java:152)
	at io.appium.java_client.AppiumDriver.findElementByXPath(AppiumDriver.java:1)
	at org.openqa.selenium.By$ByXPath.findElement(By.java:353)
	at org.openqa.selenium.remote.RemoteWebDriver.findElement(RemoteWebDriver.java:315)
	at io.appium.java_client.DefaultGenericMobileDriver.findElement(DefaultGenericMobileDriver.java:58)
	at io.appium.java_client.AppiumDriver.findElement(AppiumDriver.java:1)
	at keanu.Library.AppLibrary.findElementForMobile(AppLibrary.java:285)
	at keanu.PageObject.AppHeaders.navigateToFriends(AppHeaders.java:100)
	at keanu.Tests.FriendsScreenTest.chatWithSpecificFriend(FriendsScreenTest.java:89)
	at java.base/java.util.concurrent.ThreadPoolExecutor.runWorker(ThreadPoolExecutor.java:1130)
	at java.base/java.util.concurrent.ThreadPoolExecutor$Worker.run(ThreadPoolExecutor.java:630)
	at java.base/java.lang.Thread.run(Thread.java:832)
... Removed 15 stack frames]]>
    </failure>
  </testcase> <!-- chatWithSpecificFriend -->
  <testcase classname="keanu.Tests.FriendsScreenTest" name="deleteNewContact" time="12.111">
    <failure type="org.openqa.selenium.NoSuchElementException" message="An element could not be located on the page using the given search parameters. (WARNING: The server did not provide any stacktrace information)
Command duration or timeout: 0 milliseconds
For documentation on this error, please visit: https://www.seleniumhq.org/exceptions/no_such_element.html
Build info: version: &amp;apos;3.141.59&amp;apos;, revision: &amp;apos;e82be7d358&amp;apos;, time: &amp;apos;2018-11-14T08:17:03&amp;apos;
System info: host: &amp;apos;DESKTOP-V9K624K&amp;apos;, ip: &amp;apos;192.168.43.117&amp;apos;, os.name: &amp;apos;Windows 10&amp;apos;, os.arch: &amp;apos;amd64&amp;apos;, os.version: &amp;apos;10.0&amp;apos;, java.version: &amp;apos;14&amp;apos;
Driver info: io.appium.java_client.AppiumDriver
Capabilities {64bit: false, acceptSslCert: false, acceptSslCerts: false, appActivity: info.guardianproject.keanua..., appPackage: info.guardianproject.keanuapp, appium_port: 38082, automationName: UiAutomator2, browserstack.appiumLogs: true, browserstack.appium_version: 1.6.5, browserstack.debug: true, browserstack.deviceLogs: true, browserstack.idleTimeout: 300, browserstack.ie.noFlash: false, browserstack.local: false, browserstack.minOSVersion: 5.0, browserstack.tunnelIdentifier: , browserstack.video: true, browserstack.video.disableWaterMark: false, bundleID: info.guardianproject.keanuapp, chromeOptions: {w3c: false}, detected_language: selenium/3.141.59 (java win..., device: google pixel 4 xl, deviceName: Android, deviceOrientation: portrait, enablePerformanceLogging: false, javascriptEnabled: true, mobile: {browser: mobile, version: Google Pixel 4 XL-10.0}, nativeWebScreenshot: true, newCommandTimeout: 0, new_bucketing: true, orientation: PORTRAIT, orig_os: android, osVersion: 10.0, os_version: 10.0, platform: ANDROID, platformName: ANDROID, proxy_type: node, realMobile: true, real_mobile: true, systemPort: 8202, udid: 99061FFBA00BY8, uiautomator2ServerLaunchTimeout: 60000, version: }
Session ID: aeeaa38718cf16fd98f014b344e43aa88720b4e9
*** Element info: {Using=xpath, value=//androidx.appcompat.app.ActionBar.Tab[@content-desc=&amp;apos;Contacts&amp;apos;]}">
      <![CDATA[org.openqa.selenium.NoSuchElementException: An element could not be located on the page using the given search parameters. (WARNING: The server did not provide any stacktrace information)
Command duration or timeout: 0 milliseconds
For documentation on this error, please visit: https://www.seleniumhq.org/exceptions/no_such_element.html
Build info: version: '3.141.59', revision: 'e82be7d358', time: '2018-11-14T08:17:03'
System info: host: 'DESKTOP-V9K624K', ip: '192.168.43.117', os.name: 'Windows 10', os.arch: 'amd64', os.version: '10.0', java.version: '14'
Driver info: io.appium.java_client.AppiumDriver
Capabilities {64bit: false, acceptSslCert: false, acceptSslCerts: false, appActivity: info.guardianproject.keanua..., appPackage: info.guardianproject.keanuapp, appium_port: 38082, automationName: UiAutomator2, browserstack.appiumLogs: true, browserstack.appium_version: 1.6.5, browserstack.debug: true, browserstack.deviceLogs: true, browserstack.idleTimeout: 300, browserstack.ie.noFlash: false, browserstack.local: false, browserstack.minOSVersion: 5.0, browserstack.tunnelIdentifier: , browserstack.video: true, browserstack.video.disableWaterMark: false, bundleID: info.guardianproject.keanuapp, chromeOptions: {w3c: false}, detected_language: selenium/3.141.59 (java win..., device: google pixel 4 xl, deviceName: Android, deviceOrientation: portrait, enablePerformanceLogging: false, javascriptEnabled: true, mobile: {browser: mobile, version: Google Pixel 4 XL-10.0}, nativeWebScreenshot: true, newCommandTimeout: 0, new_bucketing: true, orientation: PORTRAIT, orig_os: android, osVersion: 10.0, os_version: 10.0, platform: ANDROID, platformName: ANDROID, proxy_type: node, realMobile: true, real_mobile: true, systemPort: 8202, udid: 99061FFBA00BY8, uiautomator2ServerLaunchTimeout: 60000, version: }
Session ID: aeeaa38718cf16fd98f014b344e43aa88720b4e9
*** Element info: {Using=xpath, value=//androidx.appcompat.app.ActionBar.Tab[@content-desc='Contacts']}
	at org.openqa.selenium.remote.ErrorHandler.createThrowable(ErrorHandler.java:214)
	at org.openqa.selenium.remote.ErrorHandler.throwIfResponseFailed(ErrorHandler.java:166)
	at org.openqa.selenium.remote.http.JsonHttpResponseCodec.reconstructValue(JsonHttpResponseCodec.java:40)
	at org.openqa.selenium.remote.http.AbstractHttpResponseCodec.decode(AbstractHttpResponseCodec.java:80)
	at org.openqa.selenium.remote.http.AbstractHttpResponseCodec.decode(AbstractHttpResponseCodec.java:44)
	at org.openqa.selenium.remote.HttpCommandExecutor.execute(HttpCommandExecutor.java:158)
	at io.appium.java_client.remote.AppiumCommandExecutor.execute(AppiumCommandExecutor.java:239)
	at org.openqa.selenium.remote.RemoteWebDriver.execute(RemoteWebDriver.java:552)
	at io.appium.java_client.DefaultGenericMobileDriver.execute(DefaultGenericMobileDriver.java:42)
	at io.appium.java_client.AppiumDriver.execute(AppiumDriver.java:1)
	at org.openqa.selenium.remote.RemoteWebDriver.findElement(RemoteWebDriver.java:323)
	at io.appium.java_client.DefaultGenericMobileDriver.findElement(DefaultGenericMobileDriver.java:62)
	at io.appium.java_client.AppiumDriver.findElement(AppiumDriver.java:1)
	at org.openqa.selenium.remote.RemoteWebDriver.findElementByXPath(RemoteWebDriver.java:428)
	at io.appium.java_client.DefaultGenericMobileDriver.findElementByXPath(DefaultGenericMobileDriver.java:152)
	at io.appium.java_client.AppiumDriver.findElementByXPath(AppiumDriver.java:1)
	at org.openqa.selenium.By$ByXPath.findElement(By.java:353)
	at org.openqa.selenium.remote.RemoteWebDriver.findElement(RemoteWebDriver.java:315)
	at io.appium.java_client.DefaultGenericMobileDriver.findElement(DefaultGenericMobileDriver.java:58)
	at io.appium.java_client.AppiumDriver.findElement(AppiumDriver.java:1)
	at keanu.Library.AppLibrary.findElementForMobile(AppLibrary.java:285)
	at keanu.PageObject.AppHeaders.navigateToFriends(AppHeaders.java:100)
	at keanu.Tests.FriendsScreenTest.deleteNewContact(FriendsScreenTest.java:101)
	at java.base/java.util.concurrent.ThreadPoolExecutor.runWorker(ThreadPoolExecutor.java:1130)
	at java.base/java.util.concurrent.ThreadPoolExecutor$Worker.run(ThreadPoolExecutor.java:630)
	at java.base/java.lang.Thread.run(Thread.java:832)
... Removed 15 stack frames]]>
    </failure>
  </testcase> <!-- deleteNewContact -->
  <testcase classname="keanu.Tests.FriendsScreenTest" name="addDeletedContact" time="10.874">
    <failure type="org.openqa.selenium.NoSuchElementException" message="An element could not be located on the page using the given search parameters. (WARNING: The server did not provide any stacktrace information)
Command duration or timeout: 0 milliseconds
For documentation on this error, please visit: https://www.seleniumhq.org/exceptions/no_such_element.html
Build info: version: &amp;apos;3.141.59&amp;apos;, revision: &amp;apos;e82be7d358&amp;apos;, time: &amp;apos;2018-11-14T08:17:03&amp;apos;
System info: host: &amp;apos;DESKTOP-V9K624K&amp;apos;, ip: &amp;apos;192.168.43.117&amp;apos;, os.name: &amp;apos;Windows 10&amp;apos;, os.arch: &amp;apos;amd64&amp;apos;, os.version: &amp;apos;10.0&amp;apos;, java.version: &amp;apos;14&amp;apos;
Driver info: io.appium.java_client.AppiumDriver
Capabilities {64bit: false, acceptSslCert: false, acceptSslCerts: false, appActivity: info.guardianproject.keanua..., appPackage: info.guardianproject.keanuapp, appium_port: 38082, automationName: UiAutomator2, browserstack.appiumLogs: true, browserstack.appium_version: 1.6.5, browserstack.debug: true, browserstack.deviceLogs: true, browserstack.idleTimeout: 300, browserstack.ie.noFlash: false, browserstack.local: false, browserstack.minOSVersion: 5.0, browserstack.tunnelIdentifier: , browserstack.video: true, browserstack.video.disableWaterMark: false, bundleID: info.guardianproject.keanuapp, chromeOptions: {w3c: false}, detected_language: selenium/3.141.59 (java win..., device: google pixel 4 xl, deviceName: Android, deviceOrientation: portrait, enablePerformanceLogging: false, javascriptEnabled: true, mobile: {browser: mobile, version: Google Pixel 4 XL-10.0}, nativeWebScreenshot: true, newCommandTimeout: 0, new_bucketing: true, orientation: PORTRAIT, orig_os: android, osVersion: 10.0, os_version: 10.0, platform: ANDROID, platformName: ANDROID, proxy_type: node, realMobile: true, real_mobile: true, systemPort: 8202, udid: 99061FFBA00BY8, uiautomator2ServerLaunchTimeout: 60000, version: }
Session ID: aeeaa38718cf16fd98f014b344e43aa88720b4e9
*** Element info: {Using=xpath, value=//androidx.appcompat.app.ActionBar.Tab[@content-desc=&amp;apos;Contacts&amp;apos;]}">
      <![CDATA[org.openqa.selenium.NoSuchElementException: An element could not be located on the page using the given search parameters. (WARNING: The server did not provide any stacktrace information)
Command duration or timeout: 0 milliseconds
For documentation on this error, please visit: https://www.seleniumhq.org/exceptions/no_such_element.html
Build info: version: '3.141.59', revision: 'e82be7d358', time: '2018-11-14T08:17:03'
System info: host: 'DESKTOP-V9K624K', ip: '192.168.43.117', os.name: 'Windows 10', os.arch: 'amd64', os.version: '10.0', java.version: '14'
Driver info: io.appium.java_client.AppiumDriver
Capabilities {64bit: false, acceptSslCert: false, acceptSslCerts: false, appActivity: info.guardianproject.keanua..., appPackage: info.guardianproject.keanuapp, appium_port: 38082, automationName: UiAutomator2, browserstack.appiumLogs: true, browserstack.appium_version: 1.6.5, browserstack.debug: true, browserstack.deviceLogs: true, browserstack.idleTimeout: 300, browserstack.ie.noFlash: false, browserstack.local: false, browserstack.minOSVersion: 5.0, browserstack.tunnelIdentifier: , browserstack.video: true, browserstack.video.disableWaterMark: false, bundleID: info.guardianproject.keanuapp, chromeOptions: {w3c: false}, detected_language: selenium/3.141.59 (java win..., device: google pixel 4 xl, deviceName: Android, deviceOrientation: portrait, enablePerformanceLogging: false, javascriptEnabled: true, mobile: {browser: mobile, version: Google Pixel 4 XL-10.0}, nativeWebScreenshot: true, newCommandTimeout: 0, new_bucketing: true, orientation: PORTRAIT, orig_os: android, osVersion: 10.0, os_version: 10.0, platform: ANDROID, platformName: ANDROID, proxy_type: node, realMobile: true, real_mobile: true, systemPort: 8202, udid: 99061FFBA00BY8, uiautomator2ServerLaunchTimeout: 60000, version: }
Session ID: aeeaa38718cf16fd98f014b344e43aa88720b4e9
*** Element info: {Using=xpath, value=//androidx.appcompat.app.ActionBar.Tab[@content-desc='Contacts']}
	at org.openqa.selenium.remote.ErrorHandler.createThrowable(ErrorHandler.java:214)
	at org.openqa.selenium.remote.ErrorHandler.throwIfResponseFailed(ErrorHandler.java:166)
	at org.openqa.selenium.remote.http.JsonHttpResponseCodec.reconstructValue(JsonHttpResponseCodec.java:40)
	at org.openqa.selenium.remote.http.AbstractHttpResponseCodec.decode(AbstractHttpResponseCodec.java:80)
	at org.openqa.selenium.remote.http.AbstractHttpResponseCodec.decode(AbstractHttpResponseCodec.java:44)
	at org.openqa.selenium.remote.HttpCommandExecutor.execute(HttpCommandExecutor.java:158)
	at io.appium.java_client.remote.AppiumCommandExecutor.execute(AppiumCommandExecutor.java:239)
	at org.openqa.selenium.remote.RemoteWebDriver.execute(RemoteWebDriver.java:552)
	at io.appium.java_client.DefaultGenericMobileDriver.execute(DefaultGenericMobileDriver.java:42)
	at io.appium.java_client.AppiumDriver.execute(AppiumDriver.java:1)
	at org.openqa.selenium.remote.RemoteWebDriver.findElement(RemoteWebDriver.java:323)
	at io.appium.java_client.DefaultGenericMobileDriver.findElement(DefaultGenericMobileDriver.java:62)
	at io.appium.java_client.AppiumDriver.findElement(AppiumDriver.java:1)
	at org.openqa.selenium.remote.RemoteWebDriver.findElementByXPath(RemoteWebDriver.java:428)
	at io.appium.java_client.DefaultGenericMobileDriver.findElementByXPath(DefaultGenericMobileDriver.java:152)
	at io.appium.java_client.AppiumDriver.findElementByXPath(AppiumDriver.java:1)
	at org.openqa.selenium.By$ByXPath.findElement(By.java:353)
	at org.openqa.selenium.remote.RemoteWebDriver.findElement(RemoteWebDriver.java:315)
	at io.appium.java_client.DefaultGenericMobileDriver.findElement(DefaultGenericMobileDriver.java:58)
	at io.appium.java_client.AppiumDriver.findElement(AppiumDriver.java:1)
	at keanu.Library.AppLibrary.findElementForMobile(AppLibrary.java:285)
	at keanu.PageObject.AppHeaders.navigateToFriends(AppHeaders.java:100)
	at keanu.Tests.FriendsScreenTest.addDeletedContact(FriendsScreenTest.java:112)
	at java.base/java.util.concurrent.ThreadPoolExecutor.runWorker(ThreadPoolExecutor.java:1130)
	at java.base/java.util.concurrent.ThreadPoolExecutor$Worker.run(ThreadPoolExecutor.java:630)
	at java.base/java.lang.Thread.run(Thread.java:832)
... Removed 15 stack frames]]>
    </failure>
  </testcase> <!-- addDeletedContact -->
  <testcase classname="keanu.Tests.FriendsScreenTest" name="createGroupWithReAddedDeletedContact" time="21.648">
    <failure type="org.openqa.selenium.NoSuchElementException" message="An element could not be located on the page using the given search parameters. (WARNING: The server did not provide any stacktrace information)
Command duration or timeout: 0 milliseconds
For documentation on this error, please visit: https://www.seleniumhq.org/exceptions/no_such_element.html
Build info: version: &amp;apos;3.141.59&amp;apos;, revision: &amp;apos;e82be7d358&amp;apos;, time: &amp;apos;2018-11-14T08:17:03&amp;apos;
System info: host: &amp;apos;DESKTOP-V9K624K&amp;apos;, ip: &amp;apos;192.168.43.117&amp;apos;, os.name: &amp;apos;Windows 10&amp;apos;, os.arch: &amp;apos;amd64&amp;apos;, os.version: &amp;apos;10.0&amp;apos;, java.version: &amp;apos;14&amp;apos;
Driver info: io.appium.java_client.AppiumDriver
Capabilities {64bit: false, acceptSslCert: false, acceptSslCerts: false, appActivity: info.guardianproject.keanua..., appPackage: info.guardianproject.keanuapp, appium_port: 38082, automationName: UiAutomator2, browserstack.appiumLogs: true, browserstack.appium_version: 1.6.5, browserstack.debug: true, browserstack.deviceLogs: true, browserstack.idleTimeout: 300, browserstack.ie.noFlash: false, browserstack.local: false, browserstack.minOSVersion: 5.0, browserstack.tunnelIdentifier: , browserstack.video: true, browserstack.video.disableWaterMark: false, bundleID: info.guardianproject.keanuapp, chromeOptions: {w3c: false}, detected_language: selenium/3.141.59 (java win..., device: google pixel 4 xl, deviceName: Android, deviceOrientation: portrait, enablePerformanceLogging: false, javascriptEnabled: true, mobile: {browser: mobile, version: Google Pixel 4 XL-10.0}, nativeWebScreenshot: true, newCommandTimeout: 0, new_bucketing: true, orientation: PORTRAIT, orig_os: android, osVersion: 10.0, os_version: 10.0, platform: ANDROID, platformName: ANDROID, proxy_type: node, realMobile: true, real_mobile: true, systemPort: 8202, udid: 99061FFBA00BY8, uiautomator2ServerLaunchTimeout: 60000, version: }
Session ID: aeeaa38718cf16fd98f014b344e43aa88720b4e9
*** Element info: {Using=id, value=info.guardianproject.keanuapp:id/fab}">
      <![CDATA[org.openqa.selenium.NoSuchElementException: An element could not be located on the page using the given search parameters. (WARNING: The server did not provide any stacktrace information)
Command duration or timeout: 0 milliseconds
For documentation on this error, please visit: https://www.seleniumhq.org/exceptions/no_such_element.html
Build info: version: '3.141.59', revision: 'e82be7d358', time: '2018-11-14T08:17:03'
System info: host: 'DESKTOP-V9K624K', ip: '192.168.43.117', os.name: 'Windows 10', os.arch: 'amd64', os.version: '10.0', java.version: '14'
Driver info: io.appium.java_client.AppiumDriver
Capabilities {64bit: false, acceptSslCert: false, acceptSslCerts: false, appActivity: info.guardianproject.keanua..., appPackage: info.guardianproject.keanuapp, appium_port: 38082, automationName: UiAutomator2, browserstack.appiumLogs: true, browserstack.appium_version: 1.6.5, browserstack.debug: true, browserstack.deviceLogs: true, browserstack.idleTimeout: 300, browserstack.ie.noFlash: false, browserstack.local: false, browserstack.minOSVersion: 5.0, browserstack.tunnelIdentifier: , browserstack.video: true, browserstack.video.disableWaterMark: false, bundleID: info.guardianproject.keanuapp, chromeOptions: {w3c: false}, detected_language: selenium/3.141.59 (java win..., device: google pixel 4 xl, deviceName: Android, deviceOrientation: portrait, enablePerformanceLogging: false, javascriptEnabled: true, mobile: {browser: mobile, version: Google Pixel 4 XL-10.0}, nativeWebScreenshot: true, newCommandTimeout: 0, new_bucketing: true, orientation: PORTRAIT, orig_os: android, osVersion: 10.0, os_version: 10.0, platform: ANDROID, platformName: ANDROID, proxy_type: node, realMobile: true, real_mobile: true, systemPort: 8202, udid: 99061FFBA00BY8, uiautomator2ServerLaunchTimeout: 60000, version: }
Session ID: aeeaa38718cf16fd98f014b344e43aa88720b4e9
*** Element info: {Using=id, value=info.guardianproject.keanuapp:id/fab}
	at org.openqa.selenium.remote.ErrorHandler.createThrowable(ErrorHandler.java:214)
	at org.openqa.selenium.remote.ErrorHandler.throwIfResponseFailed(ErrorHandler.java:166)
	at org.openqa.selenium.remote.http.JsonHttpResponseCodec.reconstructValue(JsonHttpResponseCodec.java:40)
	at org.openqa.selenium.remote.http.AbstractHttpResponseCodec.decode(AbstractHttpResponseCodec.java:80)
	at org.openqa.selenium.remote.http.AbstractHttpResponseCodec.decode(AbstractHttpResponseCodec.java:44)
	at org.openqa.selenium.remote.HttpCommandExecutor.execute(HttpCommandExecutor.java:158)
	at io.appium.java_client.remote.AppiumCommandExecutor.execute(AppiumCommandExecutor.java:239)
	at org.openqa.selenium.remote.RemoteWebDriver.execute(RemoteWebDriver.java:552)
	at io.appium.java_client.DefaultGenericMobileDriver.execute(DefaultGenericMobileDriver.java:42)
	at io.appium.java_client.AppiumDriver.execute(AppiumDriver.java:1)
	at org.openqa.selenium.remote.RemoteWebDriver.findElement(RemoteWebDriver.java:323)
	at io.appium.java_client.DefaultGenericMobileDriver.findElement(DefaultGenericMobileDriver.java:62)
	at io.appium.java_client.AppiumDriver.findElement(AppiumDriver.java:1)
	at org.openqa.selenium.remote.RemoteWebDriver.findElementById(RemoteWebDriver.java:372)
	at io.appium.java_client.DefaultGenericMobileDriver.findElementById(DefaultGenericMobileDriver.java:70)
	at io.appium.java_client.AppiumDriver.findElementById(AppiumDriver.java:1)
	at org.openqa.selenium.By$ById.findElement(By.java:188)
	at org.openqa.selenium.remote.RemoteWebDriver.findElement(RemoteWebDriver.java:315)
	at io.appium.java_client.DefaultGenericMobileDriver.findElement(DefaultGenericMobileDriver.java:58)
	at io.appium.java_client.AppiumDriver.findElement(AppiumDriver.java:1)
	at keanu.Library.AppLibrary.findElementForMobile(AppLibrary.java:285)
	at keanu.PageObject.FriendsScreen.createChatRoomBySearchingFriend(FriendsScreen.java:83)
	at keanu.PageObject.FriendsScreen.selectFriendAndCreateChatRoom(FriendsScreen.java:78)
	at keanu.Tests.FriendsScreenTest.createGroupWithReAddedDeletedContact(FriendsScreenTest.java:118)
	at java.base/java.util.concurrent.ThreadPoolExecutor.runWorker(ThreadPoolExecutor.java:1130)
	at java.base/java.util.concurrent.ThreadPoolExecutor$Worker.run(ThreadPoolExecutor.java:630)
	at java.base/java.lang.Thread.run(Thread.java:832)
... Removed 15 stack frames]]>
    </failure>
  </testcase> <!-- createGroupWithReAddedDeletedContact -->
  <testcase classname="keanu.Tests.FriendsScreenTest" name="userLogin" time="99.722"/>
</testsuite> <!-- Friends Screen Test -->
